[Tue Jan 30 16:43:28 AEDT 2018] picard.sam.markduplicates.MarkDuplicates INPUT=[alignment/GRCm38+rDNA_repeat/input_brep2.sorted.bam] OUTPUT=analysis/GRCm38+rDNA_repeat/picard-tools/dupes/input_brep2_markedDupes.bam METRICS_FILE=analysis/GRCm38+rDNA_repeat/picard-tools/dupes/input_brep2_metrics.txt    MAX_SEQUENCES_FOR_DISK_READ_ENDS_MAP=50000 MAX_FILE_HANDLES_FOR_READ_ENDS_MAP=8000 SORTING_COLLECTION_SIZE_RATIO=0.25 REMOVE_SEQUENCING_DUPLICATES=false TAGGING_POLICY=DontTag REMOVE_DUPLICATES=false ASSUME_SORTED=false DUPLICATE_SCORING_STRATEGY=SUM_OF_BASE_QUALITIES PROGRAM_RECORD_ID=MarkDuplicates PROGRAM_GROUP_NAME=MarkDuplicates READ_NAME_REGEX=<optimized capture of last three ':' separated fields as numeric values> OPTICAL_DUPLICATE_PIXEL_DISTANCE=100 VERBOSITY=INFO QUIET=false VALIDATION_STRINGENCY=STRICT COMPRESSION_LEVEL=5 MAX_RECORDS_IN_RAM=500000 CREATE_INDEX=false CREATE_MD5_FILE=false GA4GH_CLIENT_SECRETS=client_secrets.json
[Tue Jan 30 16:43:28 AEDT 2018] Executing as mevers@compute-5-3.local on Linux 2.6.32-504.16.2.el6.x86_64 amd64; Java HotSpot(TM) 64-Bit Server VM 1.8.0_91-b14; Picard version: 2.7.1-SNAPSHOT
INFO	2018-01-30 16:43:28	MarkDuplicates	Start of doWork freeMemory: 2042708680; totalMemory: 2058354688; maxMemory: 28631367680
INFO	2018-01-30 16:43:28	MarkDuplicates	Reading input file and constructing read end information.
INFO	2018-01-30 16:43:28	MarkDuplicates	Will retain up to 110120644 data points before spilling to disk.
INFO	2018-01-30 16:43:39	MarkDuplicates	Read     1,000,000 records.  Elapsed time: 00:00:10s.  Time for last 1,000,000:   10s.  Last read position: 2:92,185,203
INFO	2018-01-30 16:43:39	MarkDuplicates	Tracking 0 as yet unmatched pairs. 0 records in RAM.
INFO	2018-01-30 16:43:53	MarkDuplicates	Read     2,000,000 records.  Elapsed time: 00:00:23s.  Time for last 1,000,000:   13s.  Last read position: 4:42,774,186
INFO	2018-01-30 16:43:53	MarkDuplicates	Tracking 0 as yet unmatched pairs. 0 records in RAM.
INFO	2018-01-30 16:44:05	MarkDuplicates	Read     3,000,000 records.  Elapsed time: 00:00:35s.  Time for last 1,000,000:   12s.  Last read position: 5:139,660,556
INFO	2018-01-30 16:44:05	MarkDuplicates	Tracking 0 as yet unmatched pairs. 0 records in RAM.
INFO	2018-01-30 16:44:18	MarkDuplicates	Read     4,000,000 records.  Elapsed time: 00:00:49s.  Time for last 1,000,000:   13s.  Last read position: 7:111,737,789
INFO	2018-01-30 16:44:18	MarkDuplicates	Tracking 0 as yet unmatched pairs. 0 records in RAM.
INFO	2018-01-30 16:44:37	MarkDuplicates	Read     5,000,000 records.  Elapsed time: 00:01:08s.  Time for last 1,000,000:   19s.  Last read position: 9:61,945,256
INFO	2018-01-30 16:44:37	MarkDuplicates	Tracking 0 as yet unmatched pairs. 0 records in RAM.
INFO	2018-01-30 16:44:40	MarkDuplicates	Read     6,000,000 records.  Elapsed time: 00:01:11s.  Time for last 1,000,000:    2s.  Last read position: 11:66,228,826
INFO	2018-01-30 16:44:40	MarkDuplicates	Tracking 0 as yet unmatched pairs. 0 records in RAM.
INFO	2018-01-30 16:44:56	MarkDuplicates	Read     7,000,000 records.  Elapsed time: 00:01:26s.  Time for last 1,000,000:   15s.  Last read position: 13:57,520,237
INFO	2018-01-30 16:44:56	MarkDuplicates	Tracking 0 as yet unmatched pairs. 0 records in RAM.
INFO	2018-01-30 16:44:58	MarkDuplicates	Read     8,000,000 records.  Elapsed time: 00:01:29s.  Time for last 1,000,000:    2s.  Last read position: 15:99,317,077
INFO	2018-01-30 16:44:58	MarkDuplicates	Tracking 0 as yet unmatched pairs. 0 records in RAM.
INFO	2018-01-30 16:45:27	MarkDuplicates	Read     9,000,000 records.  Elapsed time: 00:01:58s.  Time for last 1,000,000:   28s.  Last read position: 18:61,473,412
INFO	2018-01-30 16:45:27	MarkDuplicates	Tracking 0 as yet unmatched pairs. 0 records in RAM.
INFO	2018-01-30 16:45:30	MarkDuplicates	Read    10,000,000 records.  Elapsed time: 00:02:01s.  Time for last 1,000,000:    2s.  Last read position: BK000964.3:41,643
INFO	2018-01-30 16:45:30	MarkDuplicates	Tracking 0 as yet unmatched pairs. 0 records in RAM.
INFO	2018-01-30 16:45:30	MarkDuplicates	Read 10016827 records. 0 pairs never matched.
INFO	2018-01-30 16:45:56	MarkDuplicates	After buildSortedReadEndLists freeMemory: 7835040112; totalMemory: 9581363200; maxMemory: 28631367680
INFO	2018-01-30 16:45:56	MarkDuplicates	Will retain up to 894730240 duplicate indices before spilling to disk.
INFO	2018-01-30 16:45:59	MarkDuplicates	Traversing read pair information and detecting duplicates.
INFO	2018-01-30 16:45:59	MarkDuplicates	Traversing fragment information and detecting duplicates.
INFO	2018-01-30 16:46:01	MarkDuplicates	Sorting list of duplicate records.
INFO	2018-01-30 16:46:02	MarkDuplicates	After generateDuplicateIndexes freeMemory: 9088364888; totalMemory: 16390291456; maxMemory: 28631367680
INFO	2018-01-30 16:46:02	MarkDuplicates	Marking 1068361 records as duplicates.
INFO	2018-01-30 16:46:02	MarkDuplicates	Found 0 optical duplicate clusters.
INFO	2018-01-30 16:46:02	MarkDuplicates	Reads are assumed to be ordered by: coordinate
INFO	2018-01-30 16:47:43	MarkDuplicates	Written    10,000,000 records.  Elapsed time: 00:01:41s.  Time for last 10,000,000:  101s.  Last read position: BK000964.3:41,643
INFO	2018-01-30 16:47:44	MarkDuplicates	Before output close freeMemory: 19432951120; totalMemory: 19631439872; maxMemory: 28631367680
INFO	2018-01-30 16:47:44	MarkDuplicates	After output close freeMemory: 19102646672; totalMemory: 19301138432; maxMemory: 28631367680
[Tue Jan 30 16:47:44 AEDT 2018] picard.sam.markduplicates.MarkDuplicates done. Elapsed time: 4.27 minutes.
Runtime.totalMemory()=19301138432
