[Tue Jan 30 17:13:56 AEDT 2018] picard.sam.markduplicates.MarkDuplicates INPUT=[alignment/GRCm38+rDNA_repeat/input_brep1.sorted.bam] OUTPUT=analysis/GRCm38+rDNA_repeat/picard-tools/dupes/input_brep1_markedDupes.bam METRICS_FILE=analysis/GRCm38+rDNA_repeat/picard-tools/dupes/input_brep1_metrics.txt    MAX_SEQUENCES_FOR_DISK_READ_ENDS_MAP=50000 MAX_FILE_HANDLES_FOR_READ_ENDS_MAP=8000 SORTING_COLLECTION_SIZE_RATIO=0.25 REMOVE_SEQUENCING_DUPLICATES=false TAGGING_POLICY=DontTag REMOVE_DUPLICATES=false ASSUME_SORTED=false DUPLICATE_SCORING_STRATEGY=SUM_OF_BASE_QUALITIES PROGRAM_RECORD_ID=MarkDuplicates PROGRAM_GROUP_NAME=MarkDuplicates READ_NAME_REGEX=<optimized capture of last three ':' separated fields as numeric values> OPTICAL_DUPLICATE_PIXEL_DISTANCE=100 VERBOSITY=INFO QUIET=false VALIDATION_STRINGENCY=STRICT COMPRESSION_LEVEL=5 MAX_RECORDS_IN_RAM=500000 CREATE_INDEX=false CREATE_MD5_FILE=false GA4GH_CLIENT_SECRETS=client_secrets.json
[Tue Jan 30 17:13:56 AEDT 2018] Executing as mevers@compute-5-0.local on Linux 2.6.32-504.16.2.el6.x86_64 amd64; Java HotSpot(TM) 64-Bit Server VM 1.8.0_91-b14; Picard version: 2.7.1-SNAPSHOT
INFO	2018-01-30 17:13:57	MarkDuplicates	Start of doWork freeMemory: 2042708576; totalMemory: 2058354688; maxMemory: 28631367680
INFO	2018-01-30 17:13:57	MarkDuplicates	Reading input file and constructing read end information.
INFO	2018-01-30 17:13:57	MarkDuplicates	Will retain up to 110120644 data points before spilling to disk.
INFO	2018-01-30 17:14:07	MarkDuplicates	Read     1,000,000 records.  Elapsed time: 00:00:09s.  Time for last 1,000,000:    9s.  Last read position: 2:24,813,930
INFO	2018-01-30 17:14:07	MarkDuplicates	Tracking 0 as yet unmatched pairs. 0 records in RAM.
INFO	2018-01-30 17:14:21	MarkDuplicates	Read     2,000,000 records.  Elapsed time: 00:00:23s.  Time for last 1,000,000:   14s.  Last read position: 3:41,255,937
INFO	2018-01-30 17:14:21	MarkDuplicates	Tracking 0 as yet unmatched pairs. 0 records in RAM.
INFO	2018-01-30 17:14:31	MarkDuplicates	Read     3,000,000 records.  Elapsed time: 00:00:33s.  Time for last 1,000,000:    9s.  Last read position: 4:118,258,887
INFO	2018-01-30 17:14:31	MarkDuplicates	Tracking 0 as yet unmatched pairs. 0 records in RAM.
INFO	2018-01-30 17:14:44	MarkDuplicates	Read     4,000,000 records.  Elapsed time: 00:00:46s.  Time for last 1,000,000:   13s.  Last read position: 5:142,132,562
INFO	2018-01-30 17:14:44	MarkDuplicates	Tracking 0 as yet unmatched pairs. 0 records in RAM.
INFO	2018-01-30 17:15:00	MarkDuplicates	Read     5,000,000 records.  Elapsed time: 00:01:02s.  Time for last 1,000,000:   15s.  Last read position: 7:49,041,966
INFO	2018-01-30 17:15:00	MarkDuplicates	Tracking 0 as yet unmatched pairs. 0 records in RAM.
INFO	2018-01-30 17:15:03	MarkDuplicates	Read     6,000,000 records.  Elapsed time: 00:01:05s.  Time for last 1,000,000:    3s.  Last read position: 8:88,880,450
INFO	2018-01-30 17:15:03	MarkDuplicates	Tracking 0 as yet unmatched pairs. 0 records in RAM.
INFO	2018-01-30 17:15:17	MarkDuplicates	Read     7,000,000 records.  Elapsed time: 00:01:20s.  Time for last 1,000,000:   14s.  Last read position: 10:7,112,357
INFO	2018-01-30 17:15:17	MarkDuplicates	Tracking 0 as yet unmatched pairs. 0 records in RAM.
INFO	2018-01-30 17:15:20	MarkDuplicates	Read     8,000,000 records.  Elapsed time: 00:01:23s.  Time for last 1,000,000:    2s.  Last read position: 11:75,366,871
INFO	2018-01-30 17:15:20	MarkDuplicates	Tracking 0 as yet unmatched pairs. 0 records in RAM.
INFO	2018-01-30 17:15:24	MarkDuplicates	Read     9,000,000 records.  Elapsed time: 00:01:26s.  Time for last 1,000,000:    3s.  Last read position: 13:23,524,114
INFO	2018-01-30 17:15:24	MarkDuplicates	Tracking 0 as yet unmatched pairs. 0 records in RAM.
INFO	2018-01-30 17:15:52	MarkDuplicates	Read    10,000,000 records.  Elapsed time: 00:01:54s.  Time for last 1,000,000:   28s.  Last read position: 14:103,115,603
INFO	2018-01-30 17:15:52	MarkDuplicates	Tracking 0 as yet unmatched pairs. 0 records in RAM.
INFO	2018-01-30 17:15:55	MarkDuplicates	Read    11,000,000 records.  Elapsed time: 00:01:57s.  Time for last 1,000,000:    2s.  Last read position: 16:76,408,575
INFO	2018-01-30 17:15:55	MarkDuplicates	Tracking 0 as yet unmatched pairs. 0 records in RAM.
INFO	2018-01-30 17:16:17	MarkDuplicates	Read    12,000,000 records.  Elapsed time: 00:02:19s.  Time for last 1,000,000:   21s.  Last read position: 18:81,037,891
INFO	2018-01-30 17:16:17	MarkDuplicates	Tracking 0 as yet unmatched pairs. 0 records in RAM.
INFO	2018-01-30 17:16:20	MarkDuplicates	Read    13,000,000 records.  Elapsed time: 00:02:22s.  Time for last 1,000,000:    2s.  Last read position: BK000964.3:20,445
INFO	2018-01-30 17:16:20	MarkDuplicates	Tracking 0 as yet unmatched pairs. 0 records in RAM.
INFO	2018-01-30 17:16:20	MarkDuplicates	Read 13224618 records. 0 pairs never matched.
INFO	2018-01-30 17:16:42	MarkDuplicates	After buildSortedReadEndLists freeMemory: 7854389448; totalMemory: 9836167168; maxMemory: 28631367680
INFO	2018-01-30 17:16:42	MarkDuplicates	Will retain up to 894730240 duplicate indices before spilling to disk.
INFO	2018-01-30 17:16:44	MarkDuplicates	Traversing read pair information and detecting duplicates.
INFO	2018-01-30 17:16:44	MarkDuplicates	Traversing fragment information and detecting duplicates.
INFO	2018-01-30 17:16:47	MarkDuplicates	Sorting list of duplicate records.
INFO	2018-01-30 17:16:48	MarkDuplicates	After generateDuplicateIndexes freeMemory: 2530942400; totalMemory: 9836167168; maxMemory: 28631367680
INFO	2018-01-30 17:16:48	MarkDuplicates	Marking 1006537 records as duplicates.
INFO	2018-01-30 17:16:48	MarkDuplicates	Found 0 optical duplicate clusters.
INFO	2018-01-30 17:16:48	MarkDuplicates	Reads are assumed to be ordered by: coordinate
INFO	2018-01-30 17:18:32	MarkDuplicates	Written    10,000,000 records.  Elapsed time: 00:01:37s.  Time for last 10,000,000:   97s.  Last read position: 14:103,115,603
INFO	2018-01-30 17:19:01	MarkDuplicates	Before output close freeMemory: 20757791688; totalMemory: 20937441280; maxMemory: 28631367680
INFO	2018-01-30 17:19:03	MarkDuplicates	After output close freeMemory: 21088090120; totalMemory: 21267742720; maxMemory: 28631367680
[Tue Jan 30 17:19:03 AEDT 2018] picard.sam.markduplicates.MarkDuplicates done. Elapsed time: 5.10 minutes.
Runtime.totalMemory()=21267742720
