[Tue Jan 30 17:06:42 AEDT 2018] picard.sam.markduplicates.MarkDuplicates INPUT=[alignment/GRCm38+rDNA_repeat/H3K27me3_brep1.sorted.bam] OUTPUT=analysis/GRCm38+rDNA_repeat/picard-tools/dupes/H3K27me3_brep1_markedDupes.bam METRICS_FILE=analysis/GRCm38+rDNA_repeat/picard-tools/dupes/H3K27me3_brep1_metrics.txt    MAX_SEQUENCES_FOR_DISK_READ_ENDS_MAP=50000 MAX_FILE_HANDLES_FOR_READ_ENDS_MAP=8000 SORTING_COLLECTION_SIZE_RATIO=0.25 REMOVE_SEQUENCING_DUPLICATES=false TAGGING_POLICY=DontTag REMOVE_DUPLICATES=false ASSUME_SORTED=false DUPLICATE_SCORING_STRATEGY=SUM_OF_BASE_QUALITIES PROGRAM_RECORD_ID=MarkDuplicates PROGRAM_GROUP_NAME=MarkDuplicates READ_NAME_REGEX=<optimized capture of last three ':' separated fields as numeric values> OPTICAL_DUPLICATE_PIXEL_DISTANCE=100 VERBOSITY=INFO QUIET=false VALIDATION_STRINGENCY=STRICT COMPRESSION_LEVEL=5 MAX_RECORDS_IN_RAM=500000 CREATE_INDEX=false CREATE_MD5_FILE=false GA4GH_CLIENT_SECRETS=client_secrets.json
[Tue Jan 30 17:06:42 AEDT 2018] Executing as mevers@compute-5-3.local on Linux 2.6.32-504.16.2.el6.x86_64 amd64; Java HotSpot(TM) 64-Bit Server VM 1.8.0_91-b14; Picard version: 2.7.1-SNAPSHOT
INFO	2018-01-30 17:06:42	MarkDuplicates	Start of doWork freeMemory: 2042708736; totalMemory: 2058354688; maxMemory: 28631367680
INFO	2018-01-30 17:06:42	MarkDuplicates	Reading input file and constructing read end information.
INFO	2018-01-30 17:06:42	MarkDuplicates	Will retain up to 110120644 data points before spilling to disk.
INFO	2018-01-30 17:06:58	MarkDuplicates	Read     1,000,000 records.  Elapsed time: 00:00:15s.  Time for last 1,000,000:   15s.  Last read position: 1:174,857,939
INFO	2018-01-30 17:06:58	MarkDuplicates	Tracking 0 as yet unmatched pairs. 0 records in RAM.
INFO	2018-01-30 17:07:07	MarkDuplicates	Read     2,000,000 records.  Elapsed time: 00:00:24s.  Time for last 1,000,000:    8s.  Last read position: 2:125,591,103
INFO	2018-01-30 17:07:07	MarkDuplicates	Tracking 0 as yet unmatched pairs. 0 records in RAM.
INFO	2018-01-30 17:07:19	MarkDuplicates	Read     3,000,000 records.  Elapsed time: 00:00:36s.  Time for last 1,000,000:   12s.  Last read position: 3:97,611,771
INFO	2018-01-30 17:07:19	MarkDuplicates	Tracking 0 as yet unmatched pairs. 0 records in RAM.
INFO	2018-01-30 17:07:30	MarkDuplicates	Read     4,000,000 records.  Elapsed time: 00:00:47s.  Time for last 1,000,000:   10s.  Last read position: 4:115,492,060
INFO	2018-01-30 17:07:30	MarkDuplicates	Tracking 0 as yet unmatched pairs. 0 records in RAM.
INFO	2018-01-30 17:07:46	MarkDuplicates	Read     5,000,000 records.  Elapsed time: 00:01:03s.  Time for last 1,000,000:   15s.  Last read position: 5:105,236,194
INFO	2018-01-30 17:07:46	MarkDuplicates	Tracking 0 as yet unmatched pairs. 0 records in RAM.
INFO	2018-01-30 17:07:49	MarkDuplicates	Read     6,000,000 records.  Elapsed time: 00:01:06s.  Time for last 1,000,000:    3s.  Last read position: 6:94,344,523
INFO	2018-01-30 17:07:49	MarkDuplicates	Tracking 0 as yet unmatched pairs. 0 records in RAM.
INFO	2018-01-30 17:08:09	MarkDuplicates	Read     7,000,000 records.  Elapsed time: 00:01:26s.  Time for last 1,000,000:   20s.  Last read position: 7:102,423,198
INFO	2018-01-30 17:08:09	MarkDuplicates	Tracking 0 as yet unmatched pairs. 0 records in RAM.
INFO	2018-01-30 17:08:12	MarkDuplicates	Read     8,000,000 records.  Elapsed time: 00:01:29s.  Time for last 1,000,000:    3s.  Last read position: 8:95,446,579
INFO	2018-01-30 17:08:12	MarkDuplicates	Tracking 0 as yet unmatched pairs. 0 records in RAM.
INFO	2018-01-30 17:08:40	MarkDuplicates	Read     9,000,000 records.  Elapsed time: 00:01:57s.  Time for last 1,000,000:   27s.  Last read position: 9:98,593,453
INFO	2018-01-30 17:08:40	MarkDuplicates	Tracking 0 as yet unmatched pairs. 0 records in RAM.
INFO	2018-01-30 17:08:43	MarkDuplicates	Read    10,000,000 records.  Elapsed time: 00:02:00s.  Time for last 1,000,000:    3s.  Last read position: 10:128,494,925
INFO	2018-01-30 17:08:43	MarkDuplicates	Tracking 0 as yet unmatched pairs. 0 records in RAM.
INFO	2018-01-30 17:08:46	MarkDuplicates	Read    11,000,000 records.  Elapsed time: 00:02:04s.  Time for last 1,000,000:    3s.  Last read position: 11:120,489,623
INFO	2018-01-30 17:08:46	MarkDuplicates	Tracking 0 as yet unmatched pairs. 0 records in RAM.
INFO	2018-01-30 17:09:17	MarkDuplicates	Read    12,000,000 records.  Elapsed time: 00:02:34s.  Time for last 1,000,000:   30s.  Last read position: 13:38,851,717
INFO	2018-01-30 17:09:17	MarkDuplicates	Tracking 0 as yet unmatched pairs. 0 records in RAM.
INFO	2018-01-30 17:09:21	MarkDuplicates	Read    13,000,000 records.  Elapsed time: 00:02:38s.  Time for last 1,000,000:    3s.  Last read position: 14:66,440,392
INFO	2018-01-30 17:09:21	MarkDuplicates	Tracking 0 as yet unmatched pairs. 0 records in RAM.
INFO	2018-01-30 17:09:24	MarkDuplicates	Read    14,000,000 records.  Elapsed time: 00:02:41s.  Time for last 1,000,000:    3s.  Last read position: 16:5,817,501
INFO	2018-01-30 17:09:24	MarkDuplicates	Tracking 0 as yet unmatched pairs. 0 records in RAM.
INFO	2018-01-30 17:09:52	MarkDuplicates	Read    15,000,000 records.  Elapsed time: 00:03:09s.  Time for last 1,000,000:   28s.  Last read position: 17:46,038,212
INFO	2018-01-30 17:09:52	MarkDuplicates	Tracking 0 as yet unmatched pairs. 0 records in RAM.
INFO	2018-01-30 17:09:56	MarkDuplicates	Read    16,000,000 records.  Elapsed time: 00:03:13s.  Time for last 1,000,000:    3s.  Last read position: 19:18,897,818
INFO	2018-01-30 17:09:56	MarkDuplicates	Tracking 0 as yet unmatched pairs. 0 records in RAM.
INFO	2018-01-30 17:09:59	MarkDuplicates	Read    17,000,000 records.  Elapsed time: 00:03:16s.  Time for last 1,000,000:    3s.  Last read position: Y:88,991,446
INFO	2018-01-30 17:09:59	MarkDuplicates	Tracking 0 as yet unmatched pairs. 0 records in RAM.
INFO	2018-01-30 17:10:00	MarkDuplicates	Read 17421919 records. 0 pairs never matched.
INFO	2018-01-30 17:10:17	MarkDuplicates	After buildSortedReadEndLists freeMemory: 11066735952; totalMemory: 13401849856; maxMemory: 28631367680
INFO	2018-01-30 17:10:17	MarkDuplicates	Will retain up to 894730240 duplicate indices before spilling to disk.
INFO	2018-01-30 17:10:19	MarkDuplicates	Traversing read pair information and detecting duplicates.
INFO	2018-01-30 17:10:19	MarkDuplicates	Traversing fragment information and detecting duplicates.
INFO	2018-01-30 17:10:23	MarkDuplicates	Sorting list of duplicate records.
INFO	2018-01-30 17:10:28	MarkDuplicates	After generateDuplicateIndexes freeMemory: 13198204368; totalMemory: 20551041024; maxMemory: 28631367680
INFO	2018-01-30 17:10:28	MarkDuplicates	Marking 7096463 records as duplicates.
INFO	2018-01-30 17:10:28	MarkDuplicates	Found 0 optical duplicate clusters.
INFO	2018-01-30 17:10:28	MarkDuplicates	Reads are assumed to be ordered by: coordinate
INFO	2018-01-30 17:12:17	MarkDuplicates	Written    10,000,000 records.  Elapsed time: 00:01:49s.  Time for last 10,000,000:  109s.  Last read position: 10:128,494,925
INFO	2018-01-30 17:13:38	MarkDuplicates	Before output close freeMemory: 20352785176; totalMemory: 20552089600; maxMemory: 28631367680
INFO	2018-01-30 17:13:39	MarkDuplicates	After output close freeMemory: 20391133288; totalMemory: 20591411200; maxMemory: 28631367680
[Tue Jan 30 17:13:39 AEDT 2018] picard.sam.markduplicates.MarkDuplicates done. Elapsed time: 6.95 minutes.
Runtime.totalMemory()=20591411200
