[Wed Jan 31 08:57:27 AEDT 2018] picard.analysis.CollectInsertSizeMetrics HISTOGRAM_FILE=analysis/GRCm38+rDNA_repeat/picard-tools/insert_size/insert_size_H3K27me3_brep2.sorted.dedup.pdf INPUT=alignment/GRCm38+rDNA_repeat/H3K27me3_brep2.sorted.dedup.bam OUTPUT=analysis/GRCm38+rDNA_repeat/picard-tools/insert_size/insert_size_H3K27me3_brep2.sorted.dedup.txt    DEVIATIONS=10.0 MINIMUM_PCT=0.05 METRIC_ACCUMULATION_LEVEL=[ALL_READS] INCLUDE_DUPLICATES=false ASSUME_SORTED=true STOP_AFTER=0 VERBOSITY=INFO QUIET=false VALIDATION_STRINGENCY=STRICT COMPRESSION_LEVEL=5 MAX_RECORDS_IN_RAM=500000 CREATE_INDEX=false CREATE_MD5_FILE=false GA4GH_CLIENT_SECRETS=client_secrets.json
[Wed Jan 31 08:57:27 AEDT 2018] Executing as mevers@compute-5-0.local on Linux 2.6.32-504.16.2.el6.x86_64 amd64; Java HotSpot(TM) 64-Bit Server VM 1.8.0_91-b14; Picard version: 2.7.1-SNAPSHOT
INFO	2018-01-31 08:57:30	SinglePassSamProgram	Processed     1,000,000 records.  Elapsed time: 00:00:02s.  Time for last 1,000,000:    2s.  Last read position: 1:154,888,363
INFO	2018-01-31 08:57:33	SinglePassSamProgram	Processed     2,000,000 records.  Elapsed time: 00:00:05s.  Time for last 1,000,000:    2s.  Last read position: 2:75,813,840
INFO	2018-01-31 08:57:35	SinglePassSamProgram	Processed     3,000,000 records.  Elapsed time: 00:00:07s.  Time for last 1,000,000:    2s.  Last read position: 3:30,509,198
INFO	2018-01-31 08:57:37	SinglePassSamProgram	Processed     4,000,000 records.  Elapsed time: 00:00:09s.  Time for last 1,000,000:    2s.  Last read position: 3:157,797,940
INFO	2018-01-31 08:57:39	SinglePassSamProgram	Processed     5,000,000 records.  Elapsed time: 00:00:11s.  Time for last 1,000,000:    2s.  Last read position: 4:140,802,407
INFO	2018-01-31 08:57:41	SinglePassSamProgram	Processed     6,000,000 records.  Elapsed time: 00:00:13s.  Time for last 1,000,000:    2s.  Last read position: 5:117,083,788
INFO	2018-01-31 08:57:43	SinglePassSamProgram	Processed     7,000,000 records.  Elapsed time: 00:00:15s.  Time for last 1,000,000:    2s.  Last read position: 6:91,301,089
INFO	2018-01-31 08:57:45	SinglePassSamProgram	Processed     8,000,000 records.  Elapsed time: 00:00:17s.  Time for last 1,000,000:    2s.  Last read position: 7:79,969,551
INFO	2018-01-31 08:57:47	SinglePassSamProgram	Processed     9,000,000 records.  Elapsed time: 00:00:19s.  Time for last 1,000,000:    2s.  Last read position: 8:61,778,128
INFO	2018-01-31 08:57:49	SinglePassSamProgram	Processed    10,000,000 records.  Elapsed time: 00:00:21s.  Time for last 1,000,000:    2s.  Last read position: 9:45,446,184
INFO	2018-01-31 08:57:51	SinglePassSamProgram	Processed    11,000,000 records.  Elapsed time: 00:00:23s.  Time for last 1,000,000:    2s.  Last read position: 10:43,437,675
INFO	2018-01-31 08:57:54	SinglePassSamProgram	Processed    12,000,000 records.  Elapsed time: 00:00:26s.  Time for last 1,000,000:    2s.  Last read position: 11:49,319,321
INFO	2018-01-31 08:57:56	SinglePassSamProgram	Processed    13,000,000 records.  Elapsed time: 00:00:28s.  Time for last 1,000,000:    2s.  Last read position: 12:32,537,808
INFO	2018-01-31 08:57:58	SinglePassSamProgram	Processed    14,000,000 records.  Elapsed time: 00:00:30s.  Time for last 1,000,000:    2s.  Last read position: 13:45,162,717
INFO	2018-01-31 08:58:00	SinglePassSamProgram	Processed    15,000,000 records.  Elapsed time: 00:00:32s.  Time for last 1,000,000:    2s.  Last read position: 14:56,159,739
INFO	2018-01-31 08:58:02	SinglePassSamProgram	Processed    16,000,000 records.  Elapsed time: 00:00:34s.  Time for last 1,000,000:    2s.  Last read position: 15:80,011,042
INFO	2018-01-31 08:58:04	SinglePassSamProgram	Processed    17,000,000 records.  Elapsed time: 00:00:36s.  Time for last 1,000,000:    2s.  Last read position: 16:94,669,003
INFO	2018-01-31 08:58:07	SinglePassSamProgram	Processed    18,000,000 records.  Elapsed time: 00:00:39s.  Time for last 1,000,000:    2s.  Last read position: 18:34,952,743
INFO	2018-01-31 08:58:09	SinglePassSamProgram	Processed    19,000,000 records.  Elapsed time: 00:00:41s.  Time for last 1,000,000:    2s.  Last read position: X:12,128,152
INFO	2018-01-31 08:58:11	SinglePassSamProgram	Processed    20,000,000 records.  Elapsed time: 00:00:43s.  Time for last 1,000,000:    2s.  Last read position: BK000964.3:20,478
WARNING	2018-01-31 08:58:12	CollectInsertSizeMetrics	All data categories were discarded because they contained < 0.05 of the total aligned paired data.
WARNING	2018-01-31 08:58:12	CollectInsertSizeMetrics	Total mapped pairs in all categories: 0.0
[Wed Jan 31 08:58:12 AEDT 2018] picard.analysis.CollectInsertSizeMetrics done. Elapsed time: 0.74 minutes.
Runtime.totalMemory()=2394947584
