[Tue Jan 30 16:58:42 AEDT 2018] picard.sam.markduplicates.MarkDuplicates INPUT=[alignment/GRCm38+rDNA_repeat/H3K27me3_brep2.sorted.bam] OUTPUT=analysis/GRCm38+rDNA_repeat/picard-tools/dupes/H3K27me3_brep2_markedDupes.bam METRICS_FILE=analysis/GRCm38+rDNA_repeat/picard-tools/dupes/H3K27me3_brep2_metrics.txt    MAX_SEQUENCES_FOR_DISK_READ_ENDS_MAP=50000 MAX_FILE_HANDLES_FOR_READ_ENDS_MAP=8000 SORTING_COLLECTION_SIZE_RATIO=0.25 REMOVE_SEQUENCING_DUPLICATES=false TAGGING_POLICY=DontTag REMOVE_DUPLICATES=false ASSUME_SORTED=false DUPLICATE_SCORING_STRATEGY=SUM_OF_BASE_QUALITIES PROGRAM_RECORD_ID=MarkDuplicates PROGRAM_GROUP_NAME=MarkDuplicates READ_NAME_REGEX=<optimized capture of last three ':' separated fields as numeric values> OPTICAL_DUPLICATE_PIXEL_DISTANCE=100 VERBOSITY=INFO QUIET=false VALIDATION_STRINGENCY=STRICT COMPRESSION_LEVEL=5 MAX_RECORDS_IN_RAM=500000 CREATE_INDEX=false CREATE_MD5_FILE=false GA4GH_CLIENT_SECRETS=client_secrets.json
[Tue Jan 30 16:58:42 AEDT 2018] Executing as mevers@compute-5-1.local on Linux 2.6.32-504.16.2.el6.x86_64 amd64; Java HotSpot(TM) 64-Bit Server VM 1.8.0_91-b14; Picard version: 2.7.1-SNAPSHOT
INFO	2018-01-30 16:58:42	MarkDuplicates	Start of doWork freeMemory: 2042708736; totalMemory: 2058354688; maxMemory: 28631367680
INFO	2018-01-30 16:58:42	MarkDuplicates	Reading input file and constructing read end information.
INFO	2018-01-30 16:58:42	MarkDuplicates	Will retain up to 110120644 data points before spilling to disk.
INFO	2018-01-30 16:58:53	MarkDuplicates	Read     1,000,000 records.  Elapsed time: 00:00:10s.  Time for last 1,000,000:   10s.  Last read position: 1:154,888,363
INFO	2018-01-30 16:58:53	MarkDuplicates	Tracking 0 as yet unmatched pairs. 0 records in RAM.
INFO	2018-01-30 16:59:03	MarkDuplicates	Read     2,000,000 records.  Elapsed time: 00:00:20s.  Time for last 1,000,000:   10s.  Last read position: 2:75,813,840
INFO	2018-01-30 16:59:03	MarkDuplicates	Tracking 0 as yet unmatched pairs. 0 records in RAM.
INFO	2018-01-30 16:59:12	MarkDuplicates	Read     3,000,000 records.  Elapsed time: 00:00:28s.  Time for last 1,000,000:    8s.  Last read position: 3:30,509,198
INFO	2018-01-30 16:59:12	MarkDuplicates	Tracking 0 as yet unmatched pairs. 0 records in RAM.
INFO	2018-01-30 16:59:24	MarkDuplicates	Read     4,000,000 records.  Elapsed time: 00:00:41s.  Time for last 1,000,000:   12s.  Last read position: 3:157,797,940
INFO	2018-01-30 16:59:24	MarkDuplicates	Tracking 0 as yet unmatched pairs. 0 records in RAM.
INFO	2018-01-30 16:59:39	MarkDuplicates	Read     5,000,000 records.  Elapsed time: 00:00:56s.  Time for last 1,000,000:   14s.  Last read position: 4:140,802,407
INFO	2018-01-30 16:59:39	MarkDuplicates	Tracking 0 as yet unmatched pairs. 0 records in RAM.
INFO	2018-01-30 16:59:42	MarkDuplicates	Read     6,000,000 records.  Elapsed time: 00:00:59s.  Time for last 1,000,000:    3s.  Last read position: 5:117,083,788
INFO	2018-01-30 16:59:42	MarkDuplicates	Tracking 0 as yet unmatched pairs. 0 records in RAM.
INFO	2018-01-30 17:00:02	MarkDuplicates	Read     7,000,000 records.  Elapsed time: 00:01:19s.  Time for last 1,000,000:   20s.  Last read position: 6:91,301,089
INFO	2018-01-30 17:00:02	MarkDuplicates	Tracking 0 as yet unmatched pairs. 0 records in RAM.
INFO	2018-01-30 17:00:05	MarkDuplicates	Read     8,000,000 records.  Elapsed time: 00:01:22s.  Time for last 1,000,000:    3s.  Last read position: 7:79,969,551
INFO	2018-01-30 17:00:05	MarkDuplicates	Tracking 0 as yet unmatched pairs. 0 records in RAM.
INFO	2018-01-30 17:00:40	MarkDuplicates	Read     9,000,000 records.  Elapsed time: 00:01:57s.  Time for last 1,000,000:   34s.  Last read position: 8:61,778,128
INFO	2018-01-30 17:00:40	MarkDuplicates	Tracking 0 as yet unmatched pairs. 0 records in RAM.
INFO	2018-01-30 17:00:43	MarkDuplicates	Read    10,000,000 records.  Elapsed time: 00:02:00s.  Time for last 1,000,000:    3s.  Last read position: 9:45,446,184
INFO	2018-01-30 17:00:43	MarkDuplicates	Tracking 0 as yet unmatched pairs. 0 records in RAM.
INFO	2018-01-30 17:00:46	MarkDuplicates	Read    11,000,000 records.  Elapsed time: 00:02:03s.  Time for last 1,000,000:    2s.  Last read position: 10:43,437,675
INFO	2018-01-30 17:00:46	MarkDuplicates	Tracking 0 as yet unmatched pairs. 0 records in RAM.
INFO	2018-01-30 17:01:16	MarkDuplicates	Read    12,000,000 records.  Elapsed time: 00:02:33s.  Time for last 1,000,000:   29s.  Last read position: 11:49,319,321
INFO	2018-01-30 17:01:16	MarkDuplicates	Tracking 0 as yet unmatched pairs. 0 records in RAM.
INFO	2018-01-30 17:01:19	MarkDuplicates	Read    13,000,000 records.  Elapsed time: 00:02:36s.  Time for last 1,000,000:    2s.  Last read position: 12:32,537,808
INFO	2018-01-30 17:01:19	MarkDuplicates	Tracking 0 as yet unmatched pairs. 0 records in RAM.
INFO	2018-01-30 17:01:22	MarkDuplicates	Read    14,000,000 records.  Elapsed time: 00:02:39s.  Time for last 1,000,000:    2s.  Last read position: 13:45,162,717
INFO	2018-01-30 17:01:22	MarkDuplicates	Tracking 0 as yet unmatched pairs. 0 records in RAM.
INFO	2018-01-30 17:01:44	MarkDuplicates	Read    15,000,000 records.  Elapsed time: 00:03:01s.  Time for last 1,000,000:   22s.  Last read position: 14:56,159,739
INFO	2018-01-30 17:01:44	MarkDuplicates	Tracking 0 as yet unmatched pairs. 0 records in RAM.
INFO	2018-01-30 17:01:47	MarkDuplicates	Read    16,000,000 records.  Elapsed time: 00:03:04s.  Time for last 1,000,000:    2s.  Last read position: 15:80,011,042
INFO	2018-01-30 17:01:47	MarkDuplicates	Tracking 0 as yet unmatched pairs. 0 records in RAM.
INFO	2018-01-30 17:01:50	MarkDuplicates	Read    17,000,000 records.  Elapsed time: 00:03:07s.  Time for last 1,000,000:    2s.  Last read position: 16:94,669,003
INFO	2018-01-30 17:01:50	MarkDuplicates	Tracking 0 as yet unmatched pairs. 0 records in RAM.
INFO	2018-01-30 17:01:53	MarkDuplicates	Read    18,000,000 records.  Elapsed time: 00:03:10s.  Time for last 1,000,000:    2s.  Last read position: 18:34,952,743
INFO	2018-01-30 17:01:53	MarkDuplicates	Tracking 0 as yet unmatched pairs. 0 records in RAM.
INFO	2018-01-30 17:02:32	MarkDuplicates	Read    19,000,000 records.  Elapsed time: 00:03:49s.  Time for last 1,000,000:   38s.  Last read position: X:12,128,152
INFO	2018-01-30 17:02:32	MarkDuplicates	Tracking 0 as yet unmatched pairs. 0 records in RAM.
INFO	2018-01-30 17:02:35	MarkDuplicates	Read    20,000,000 records.  Elapsed time: 00:03:51s.  Time for last 1,000,000:    2s.  Last read position: BK000964.3:20,478
INFO	2018-01-30 17:02:35	MarkDuplicates	Tracking 0 as yet unmatched pairs. 0 records in RAM.
INFO	2018-01-30 17:02:36	MarkDuplicates	Read 20268470 records. 0 pairs never matched.
INFO	2018-01-30 17:02:44	MarkDuplicates	After buildSortedReadEndLists freeMemory: 10792048272; totalMemory: 13333168128; maxMemory: 28631367680
INFO	2018-01-30 17:02:44	MarkDuplicates	Will retain up to 894730240 duplicate indices before spilling to disk.
INFO	2018-01-30 17:02:46	MarkDuplicates	Traversing read pair information and detecting duplicates.
INFO	2018-01-30 17:02:46	MarkDuplicates	Traversing fragment information and detecting duplicates.
INFO	2018-01-30 17:02:50	MarkDuplicates	Sorting list of duplicate records.
INFO	2018-01-30 17:02:55	MarkDuplicates	After generateDuplicateIndexes freeMemory: 13384085200; totalMemory: 20739260416; maxMemory: 28631367680
INFO	2018-01-30 17:02:55	MarkDuplicates	Marking 6931490 records as duplicates.
INFO	2018-01-30 17:02:55	MarkDuplicates	Found 0 optical duplicate clusters.
INFO	2018-01-30 17:02:55	MarkDuplicates	Reads are assumed to be ordered by: coordinate
INFO	2018-01-30 17:04:42	MarkDuplicates	Written    10,000,000 records.  Elapsed time: 00:01:46s.  Time for last 10,000,000:  106s.  Last read position: 9:45,446,184
INFO	2018-01-30 17:06:28	MarkDuplicates	Written    20,000,000 records.  Elapsed time: 00:03:32s.  Time for last 10,000,000:  105s.  Last read position: BK000964.3:20,478
INFO	2018-01-30 17:06:31	MarkDuplicates	Before output close freeMemory: 20551426416; totalMemory: 20750270464; maxMemory: 28631367680
INFO	2018-01-30 17:06:32	MarkDuplicates	After output close freeMemory: 20200674736; totalMemory: 20399521792; maxMemory: 28631367680
[Tue Jan 30 17:06:32 AEDT 2018] picard.sam.markduplicates.MarkDuplicates done. Elapsed time: 7.83 minutes.
Runtime.totalMemory()=20399521792
